<?xml version="1.0" encoding="UTF-8"?>
<testsuite xmlns:xsi="http://www.w3.org/2001/XMLSchema-instance" xsi:noNamespaceSchemaLocation="https://maven.apache.org/surefire/maven-surefire-plugin/xsd/surefire-test-report-3.0.xsd" version="3.0" name="com.example.CucumberTestRunner" time="1.144" tests="14" errors="0" skipped="0" failures="0">
  <properties>
[...]
</properties>
  <testcase name="Single product with exactly 10 items" classname="E-commerce Order Pricing - Double 11 Promotion" time="0.756"/>
  <testcase name="Single product with 12 items - partial discount" classname="E-commerce Order Pricing - Double 11 Promotion" time="0.004"/>
  <testcase name="Single product with 27 items - multiple discount groups" classname="E-commerce Order Pricing - Double 11 Promotion" time="0.002"/>
  <testcase name="Multiple different products with 1 each - no discount" classname="E-commerce Order Pricing - Double 11 Promotion" time="0.003"/>
  <testcase name="Multiple products with different quantities" classname="E-commerce Order Pricing - Double 11 Promotion" time="0.002"/>
  <testcase name="Double 11 with threshold discount promotion" classname="E-commerce Order Pricing - Double 11 Promotion" time="0.003"/>
  <testcase name="Double 11 with buy-one-get-one promotion" classname="E-commerce Order Pricing - Double 11 Promotion" time="0.003"/>
  <testcase name="Double 11 discount calculation for expensive items" classname="E-commerce Order Pricing - Double 11 Promotion" time="0.003"/>
  <testcase name="Single product without promotions" classname="E-commerce Order Pricing Promotions" time="0.002"/>
  <testcase name="Threshold discount applies when subtotal reaches 1000" classname="E-commerce Order Pricing Promotions" time="0.002"/>
  <testcase name="Buy-one-get-one for cosmetics - multiple products" classname="E-commerce Order Pricing Promotions" time="0.002"/>
  <testcase name="Buy-one-get-one for cosmetics - same product twice" classname="E-commerce Order Pricing Promotions" time="0.002"/>
  <testcase name="Buy-one-get-one for cosmetics - mixed categories" classname="E-commerce Order Pricing Promotions" time="0.003"/>
  <testcase name="Multiple promotions stacked" classname="E-commerce Order Pricing Promotions" time="0.003"/>
</testsuite>